<?xml version="1.0" encoding="UTF-8"?>
<robot generator="Robot 6.1.1 (Python 3.11.5 on darwin)" generated="20230928 15:14:52.162" rpa="false" schemaversion="4">
<suite id="s1" name="testDemo2" source="/Users/lisandrodossantossilvafernando/Desktop/Robot Framework/Framework/tests/testDemo2.robot">
<test id="s1-t1" name="validate childWindow Functionality" line="19">
<kw name="open the broswer with the Ecomerce payment url" library="resource" type="SETUP">
<kw name="Create Webdriver" library="SeleniumLibrary">
<arg>Firefox</arg>
<arg>executable_path=/Users/lisandrodossantossilvafernando/Downloads/geckodriver</arg>
<doc>Creates an instance of Selenium WebDriver.</doc>
<msg timestamp="20230928 15:14:52.269" level="INFO">Creating an instance of the Firefox WebDriver.</msg>
<status status="PASS" starttime="20230928 15:14:52.269" endtime="20230928 15:14:56.748"/>
</kw>
<kw name="Go To" library="SeleniumLibrary">
<arg>${url}</arg>
<doc>Navigates the current browser window to the provided ``url``.</doc>
<msg timestamp="20230928 15:14:56.749" level="INFO">Opening url 'https://rahulshettyacademy.com/loginpagePractise/'</msg>
<status status="PASS" starttime="20230928 15:14:56.748" endtime="20230928 15:14:58.421"/>
</kw>
<status status="PASS" starttime="20230928 15:14:52.268" endtime="20230928 15:14:58.421"/>
</kw>
<kw name="Select the link of Child window">
<kw name="Click Element" library="SeleniumLibrary">
<arg>css:.blinkingText</arg>
<doc>Click the element identified by ``locator``.</doc>
<msg timestamp="20230928 15:14:58.422" level="INFO">Clicking element 'css:.blinkingText'.</msg>
<status status="PASS" starttime="20230928 15:14:58.421" endtime="20230928 15:14:58.565"/>
</kw>
<kw name="Sleep" library="BuiltIn">
<arg>5</arg>
<doc>Pauses the test executed for the given time.</doc>
<msg timestamp="20230928 15:15:03.567" level="INFO">Slept 5 seconds</msg>
<status status="PASS" starttime="20230928 15:14:58.565" endtime="20230928 15:15:03.568"/>
</kw>
<status status="PASS" starttime="20230928 15:14:58.421" endtime="20230928 15:15:03.568"/>
</kw>
<kw name="Verify the user is switched to Child window">
<kw name="Switch Window" library="SeleniumLibrary">
<arg>NEW</arg>
<doc>Switches to browser window matching ``locator``.</doc>
<status status="PASS" starttime="20230928 15:15:03.570" endtime="20230928 15:15:03.583"/>
</kw>
<kw name="Element Text Should Be" library="SeleniumLibrary">
<arg>css:h1</arg>
<arg>DOCUMENTS REQUEST</arg>
<doc>Verifies that element ``locator`` contains exact the text ``expected``.</doc>
<msg timestamp="20230928 15:15:03.584" level="INFO">Verifying element 'css:h1' contains exact text 'DOCUMENTS REQUEST'.</msg>
<status status="PASS" starttime="20230928 15:15:03.583" endtime="20230928 15:15:03.625"/>
</kw>
<status status="PASS" starttime="20230928 15:15:03.569" endtime="20230928 15:15:03.625"/>
</kw>
<kw name="Grab the email id in the Child Window">
<kw name="Get Text" library="SeleniumLibrary">
<var>${text}</var>
<arg>css:.red</arg>
<doc>Returns the text value of the element identified by ``locator``.</doc>
<msg timestamp="20230928 15:15:03.652" level="INFO">${text} = Please email us at mentor@rahulshettyacademy.com with below template to receive response</msg>
<status status="PASS" starttime="20230928 15:15:03.626" endtime="20230928 15:15:03.652"/>
</kw>
<kw name="Split String" library="String">
<var>@{words}</var>
<arg>${text}</arg>
<arg>at</arg>
<doc>Splits the ``string`` using ``separator`` as a delimiter string.</doc>
<msg timestamp="20230928 15:15:03.653" level="INFO">@{words} = [ Please email us  |  mentor@rahulshettyacademy.com with below templ | e to receive response ]</msg>
<status status="PASS" starttime="20230928 15:15:03.653" endtime="20230928 15:15:03.653"/>
</kw>
<kw name="Get From List" library="Collections">
<var>${text_split}</var>
<arg>${words}</arg>
<arg>1</arg>
<doc>Returns the value specified with an ``index`` from ``list``.</doc>
<msg timestamp="20230928 15:15:03.654" level="INFO">${text_split} =  mentor@rahulshettyacademy.com with below templ</msg>
<status status="PASS" starttime="20230928 15:15:03.653" endtime="20230928 15:15:03.654"/>
</kw>
<kw name="Log" library="BuiltIn">
<arg>${text_split}</arg>
<doc>Logs the given message with the given level.</doc>
<msg timestamp="20230928 15:15:03.654" level="INFO"> mentor@rahulshettyacademy.com with below templ</msg>
<status status="PASS" starttime="20230928 15:15:03.654" endtime="20230928 15:15:03.654"/>
</kw>
<kw name="Split String" library="String">
<var>@{words_2}</var>
<arg>${text_split}</arg>
<doc>Splits the ``string`` using ``separator`` as a delimiter string.</doc>
<msg timestamp="20230928 15:15:03.654" level="INFO">@{words_2} = [ mentor@rahulshettyacademy.com | with | below | templ ]</msg>
<status status="PASS" starttime="20230928 15:15:03.654" endtime="20230928 15:15:03.654"/>
</kw>
<kw name="Get From List" library="Collections">
<var>${email}</var>
<arg>${words_2}</arg>
<arg>0</arg>
<doc>Returns the value specified with an ``index`` from ``list``.</doc>
<msg timestamp="20230928 15:15:03.654" level="INFO">${email} = mentor@rahulshettyacademy.com</msg>
<status status="PASS" starttime="20230928 15:15:03.654" endtime="20230928 15:15:03.654"/>
</kw>
<kw name="Set Global Variable" library="BuiltIn">
<arg>${email}</arg>
<doc>Makes a variable available globally in all tests and suites.</doc>
<msg timestamp="20230928 15:15:03.654" level="INFO">${email} = mentor@rahulshettyacademy.com</msg>
<status status="PASS" starttime="20230928 15:15:03.654" endtime="20230928 15:15:03.654"/>
</kw>
<status status="PASS" starttime="20230928 15:15:03.626" endtime="20230928 15:15:03.654"/>
</kw>
<kw name="Swith to Parent window and enter the Email">
<kw name="Switch Window" library="SeleniumLibrary">
<arg>MAIN</arg>
<doc>Switches to browser window matching ``locator``.</doc>
<status status="PASS" starttime="20230928 15:15:03.655" endtime="20230928 15:15:03.692"/>
</kw>
<kw name="Title Should Be" library="SeleniumLibrary">
<arg>LoginPage Practise | Rahul Shetty Academy</arg>
<doc>Verifies that the current page title equals ``title``.</doc>
<msg timestamp="20230928 15:15:03.695" level="INFO">Page title is 'LoginPage Practise | Rahul Shetty Academy'.</msg>
<status status="PASS" starttime="20230928 15:15:03.692" endtime="20230928 15:15:03.695"/>
</kw>
<kw name="Input Text" library="SeleniumLibrary">
<arg>id:username</arg>
<arg>rahulshettyacademy</arg>
<arg>${email}</arg>
<doc>Types the given ``text`` into the text field identified by ``locator``.</doc>
<msg timestamp="20230928 15:15:03.696" level="INFO">Typing text 'rahulshettyacademy' into text field 'id:username'.</msg>
<status status="PASS" starttime="20230928 15:15:03.695" endtime="20230928 15:15:03.817"/>
</kw>
<status status="PASS" starttime="20230928 15:15:03.654" endtime="20230928 15:15:03.817"/>
</kw>
<kw name="Close Browser Session" library="resource" type="TEARDOWN">
<kw name="Close Browser" library="SeleniumLibrary">
<doc>Closes the current browser.</doc>
<status status="PASS" starttime="20230928 15:15:03.817" endtime="20230928 15:15:04.597"/>
</kw>
<status status="PASS" starttime="20230928 15:15:03.817" endtime="20230928 15:15:04.597"/>
</kw>
<status status="PASS" starttime="20230928 15:14:52.268" endtime="20230928 15:15:04.597"/>
</test>
<doc>To validate the login form</doc>
<status status="PASS" starttime="20230928 15:14:52.163" endtime="20230928 15:15:04.597"/>
</suite>
<statistics>
<total>
<stat pass="1" fail="0" skip="0">All Tests</stat>
</total>
<tag>
</tag>
<suite>
<stat pass="1" fail="0" skip="0" id="s1" name="testDemo2">testDemo2</stat>
</suite>
</statistics>
<errors>
<msg timestamp="20230928 15:14:52.161" level="ERROR">Error in file '/Users/lisandrodossantossilvafernando/Desktop/Robot Framework/Framework/tests/testDemo2.robot' on line 10: Setting 'Test Teardown' is allowed only once. Only the first value is used.</msg>
<msg timestamp="20230928 15:14:52.267" level="ERROR">Error in file '/Users/lisandrodossantossilvafernando/Desktop/Robot Framework/Framework/resources/resource.robot' on line 3: Non-existing setting '. . .'.</msg>
<msg timestamp="20230928 15:14:52.267" level="ERROR">Error in file '/Users/lisandrodossantossilvafernando/Desktop/Robot Framework/Framework/resources/resource.robot' on line 4: Non-existing setting '. . .'.</msg>
<msg timestamp="20230928 15:14:52.267" level="ERROR">Error in file '/Users/lisandrodossantossilvafernando/Desktop/Robot Framework/Framework/resources/resource.robot' on line 5: Non-existing setting ''.</msg>
<msg timestamp="20230928 15:14:52.267" level="ERROR">Error in file '/Users/lisandrodossantossilvafernando/Desktop/Robot Framework/Framework/resources/resource.robot' on line 6: Non-existing setting '. . .'.</msg>
<msg timestamp="20230928 15:14:52.267" level="ERROR">Error in file '/Users/lisandrodossantossilvafernando/Desktop/Robot Framework/Framework/resources/resource.robot' on line 7: Non-existing setting '. . .'.</msg>
<msg timestamp="20230928 15:14:52.268" level="ERROR">Error in file '/Users/lisandrodossantossilvafernando/Desktop/Robot Framework/Framework/resources/resource.robot' on line 8: Importing library 'Operating system' failed: ModuleNotFoundError: No module named 'Operating system'
Traceback (most recent call last):
  None
PYTHONPATH:
  /opt/homebrew/bin
  /opt/homebrew/Cellar/python@3.11/3.11.5/Frameworks/Python.framework/Versions/3.11/lib/python311.zip
  /opt/homebrew/Cellar/python@3.11/3.11.5/Frameworks/Python.framework/Versions/3.11/lib/python3.11
  /opt/homebrew/Cellar/python@3.11/3.11.5/Frameworks/Python.framework/Versions/3.11/lib/python3.11/lib-dynload
  /Users/lisandrodossantossilvafernando/Library/Python/3.11/lib/python/site-packages
  /opt/homebrew/lib/python3.11/site-packages</msg>
</errors>
</robot>
