<?xml version="1.0" encoding="UTF-8"?>
<robot generator="Robot 6.1.1 (Python 3.11.10 on darwin)" generated="20260113 17:38:00.910" rpa="false" schemaversion="4">
<suite id="s1" name="testDemo2" source="/Users/lisandrodossantossilvafernando/Desktop/RobotFramework/RobotFramework/tests/testDemo2.robot">
<test id="s1-t1" name="validate childWindow Functionality" line="19">
<kw name="open the broswer with the Ecomerce payment url" library="resource" type="SETUP">
<kw name="Create Webdriver" library="SeleniumLibrary">
<arg>Firefox</arg>
<doc>Creates an instance of Selenium WebDriver.</doc>
<msg timestamp="20260113 17:38:01.019" level="INFO">Creating an instance of the Firefox WebDriver.</msg>
<status status="PASS" starttime="20260113 17:38:01.019" endtime="20260113 17:38:04.500"/>
</kw>
<kw name="Go To" library="SeleniumLibrary">
<arg>${url}</arg>
<doc>Navigates the current browser window to the provided ``url``.</doc>
<msg timestamp="20260113 17:38:04.504" level="INFO">Opening url 'https://rahulshettyacademy.com/loginpagePractise/'</msg>
<status status="PASS" starttime="20260113 17:38:04.502" endtime="20260113 17:38:06.197"/>
</kw>
<status status="PASS" starttime="20260113 17:38:01.019" endtime="20260113 17:38:06.197"/>
</kw>
<kw name="Select the link of Child window">
<kw name="Click Element" library="SeleniumLibrary">
<arg>css:.blinkingText</arg>
<doc>Click the element identified by ``locator``.</doc>
<msg timestamp="20260113 17:38:06.199" level="INFO">Clicking element 'css:.blinkingText'.</msg>
<status status="PASS" starttime="20260113 17:38:06.198" endtime="20260113 17:38:06.300"/>
</kw>
<kw name="Sleep" library="BuiltIn">
<arg>5</arg>
<doc>Pauses the test executed for the given time.</doc>
<msg timestamp="20260113 17:38:11.304" level="INFO">Slept 5 seconds</msg>
<status status="PASS" starttime="20260113 17:38:06.300" endtime="20260113 17:38:11.305"/>
</kw>
<status status="PASS" starttime="20260113 17:38:06.198" endtime="20260113 17:38:11.306"/>
</kw>
<kw name="Verify the user is switched to Child window">
<kw name="Switch Window" library="SeleniumLibrary">
<arg>NEW</arg>
<doc>Switches to browser window matching ``locator``.</doc>
<status status="PASS" starttime="20260113 17:38:11.309" endtime="20260113 17:38:11.381"/>
</kw>
<kw name="Element Text Should Be" library="SeleniumLibrary">
<arg>css:h1</arg>
<arg>DOCUMENTS REQUEST</arg>
<doc>Verifies that element ``locator`` contains exact the text ``expected``.</doc>
<msg timestamp="20260113 17:38:11.402" level="INFO">Verifying element 'css:h1' contains exact text 'DOCUMENTS REQUEST'.</msg>
<status status="PASS" starttime="20260113 17:38:11.399" endtime="20260113 17:38:11.439"/>
</kw>
<status status="PASS" starttime="20260113 17:38:11.308" endtime="20260113 17:38:11.440"/>
</kw>
<kw name="Grab the email id in the Child Window">
<kw name="Get Text" library="SeleniumLibrary">
<var>${text}</var>
<arg>css:.red</arg>
<doc>Returns the text value of the element identified by ``locator``.</doc>
<msg timestamp="20260113 17:38:11.470" level="INFO">${text} = Please email us at mentor@rahulshettyacademy.com with below template to receive response</msg>
<status status="PASS" starttime="20260113 17:38:11.440" endtime="20260113 17:38:11.470"/>
</kw>
<kw name="Split String" library="String">
<var>@{words}</var>
<arg>${text}</arg>
<arg>at</arg>
<doc>Splits the ``string`` using ``separator`` as a delimiter string.</doc>
<msg timestamp="20260113 17:38:11.470" level="INFO">@{words} = [ Please email us  |  mentor@rahulshettyacademy.com with below templ | e to receive response ]</msg>
<status status="PASS" starttime="20260113 17:38:11.470" endtime="20260113 17:38:11.470"/>
</kw>
<kw name="Get From List" library="Collections">
<var>${text_split}</var>
<arg>${words}</arg>
<arg>1</arg>
<doc>Returns the value specified with an ``index`` from ``list``.</doc>
<msg timestamp="20260113 17:38:11.471" level="INFO">${text_split} =  mentor@rahulshettyacademy.com with below templ</msg>
<status status="PASS" starttime="20260113 17:38:11.470" endtime="20260113 17:38:11.471"/>
</kw>
<kw name="Log" library="BuiltIn">
<arg>${text_split}</arg>
<doc>Logs the given message with the given level.</doc>
<msg timestamp="20260113 17:38:11.472" level="INFO"> mentor@rahulshettyacademy.com with below templ</msg>
<status status="PASS" starttime="20260113 17:38:11.471" endtime="20260113 17:38:11.472"/>
</kw>
<kw name="Split String" library="String">
<var>@{words_2}</var>
<arg>${text_split}</arg>
<doc>Splits the ``string`` using ``separator`` as a delimiter string.</doc>
<msg timestamp="20260113 17:38:11.472" level="INFO">@{words_2} = [ mentor@rahulshettyacademy.com | with | below | templ ]</msg>
<status status="PASS" starttime="20260113 17:38:11.472" endtime="20260113 17:38:11.472"/>
</kw>
<kw name="Get From List" library="Collections">
<var>${email}</var>
<arg>${words_2}</arg>
<arg>0</arg>
<doc>Returns the value specified with an ``index`` from ``list``.</doc>
<msg timestamp="20260113 17:38:11.472" level="INFO">${email} = mentor@rahulshettyacademy.com</msg>
<status status="PASS" starttime="20260113 17:38:11.472" endtime="20260113 17:38:11.472"/>
</kw>
<kw name="Set Global Variable" library="BuiltIn">
<arg>${email}</arg>
<doc>Makes a variable available globally in all tests and suites.</doc>
<msg timestamp="20260113 17:38:11.472" level="INFO">${email} = mentor@rahulshettyacademy.com</msg>
<status status="PASS" starttime="20260113 17:38:11.472" endtime="20260113 17:38:11.472"/>
</kw>
<status status="PASS" starttime="20260113 17:38:11.440" endtime="20260113 17:38:11.472"/>
</kw>
<kw name="Swith to Parent window and enter the Email">
<kw name="Switch Window" library="SeleniumLibrary">
<arg>MAIN</arg>
<doc>Switches to browser window matching ``locator``.</doc>
<status status="PASS" starttime="20260113 17:38:11.472" endtime="20260113 17:38:11.503"/>
</kw>
<kw name="Title Should Be" library="SeleniumLibrary">
<arg>LoginPage Practise | Rahul Shetty Academy</arg>
<doc>Verifies that the current page title equals ``title``.</doc>
<msg timestamp="20260113 17:38:11.510" level="INFO">Page title is 'LoginPage Practise | Rahul Shetty Academy'.</msg>
<status status="PASS" starttime="20260113 17:38:11.503" endtime="20260113 17:38:11.510"/>
</kw>
<kw name="Input Text" library="SeleniumLibrary">
<arg>id:username</arg>
<arg>rahulshettyacademy</arg>
<arg>${email}</arg>
<doc>Types the given ``text`` into the text field identified by ``locator``.</doc>
<msg timestamp="20260113 17:38:11.511" level="INFO">Typing text 'rahulshettyacademy' into text field 'id:username'.</msg>
<status status="PASS" starttime="20260113 17:38:11.510" endtime="20260113 17:38:11.626"/>
</kw>
<status status="PASS" starttime="20260113 17:38:11.472" endtime="20260113 17:38:11.626"/>
</kw>
<kw name="Close Browser Session" library="resource" type="TEARDOWN">
<kw name="Close Browser" library="SeleniumLibrary">
<doc>Closes the current browser.</doc>
<status status="PASS" starttime="20260113 17:38:11.627" endtime="20260113 17:38:12.373"/>
</kw>
<status status="PASS" starttime="20260113 17:38:11.626" endtime="20260113 17:38:12.373"/>
</kw>
<status status="PASS" starttime="20260113 17:38:01.019" endtime="20260113 17:38:12.373"/>
</test>
<doc>To validate the login form</doc>
<status status="PASS" starttime="20260113 17:38:00.910" endtime="20260113 17:38:12.374"/>
</suite>
<statistics>
<total>
<stat pass="1" fail="0" skip="0">All Tests</stat>
</total>
<tag>
</tag>
<suite>
<stat pass="1" fail="0" skip="0" id="s1" name="testDemo2">testDemo2</stat>
</suite>
</statistics>
<errors>
<msg timestamp="20260113 17:38:00.908" level="ERROR">Error in file '/Users/lisandrodossantossilvafernando/Desktop/RobotFramework/RobotFramework/tests/testDemo2.robot' on line 10: Setting 'Test Teardown' is allowed only once. Only the first value is used.</msg>
<msg timestamp="20260113 17:38:01.017" level="ERROR">Error in file '/Users/lisandrodossantossilvafernando/Desktop/RobotFramework/RobotFramework/resources/resource.robot' on line 3: Non-existing setting '. . .'.</msg>
<msg timestamp="20260113 17:38:01.017" level="ERROR">Error in file '/Users/lisandrodossantossilvafernando/Desktop/RobotFramework/RobotFramework/resources/resource.robot' on line 4: Non-existing setting '. . .'.</msg>
<msg timestamp="20260113 17:38:01.017" level="ERROR">Error in file '/Users/lisandrodossantossilvafernando/Desktop/RobotFramework/RobotFramework/resources/resource.robot' on line 5: Non-existing setting ''.</msg>
<msg timestamp="20260113 17:38:01.017" level="ERROR">Error in file '/Users/lisandrodossantossilvafernando/Desktop/RobotFramework/RobotFramework/resources/resource.robot' on line 6: Non-existing setting '. . .'.</msg>
<msg timestamp="20260113 17:38:01.017" level="ERROR">Error in file '/Users/lisandrodossantossilvafernando/Desktop/RobotFramework/RobotFramework/resources/resource.robot' on line 7: Non-existing setting '. . .'.</msg>
<msg timestamp="20260113 17:38:01.018" level="ERROR">Error in file '/Users/lisandrodossantossilvafernando/Desktop/RobotFramework/RobotFramework/resources/resource.robot' on line 8: Importing library 'Operating system' failed: ModuleNotFoundError: No module named 'Operating system'
Traceback (most recent call last):
  None
PYTHONPATH:
  /opt/homebrew/bin
  /opt/homebrew/Cellar/python@3.11/3.11.10/Frameworks/Python.framework/Versions/3.11/lib/python311.zip
  /opt/homebrew/Cellar/python@3.11/3.11.10/Frameworks/Python.framework/Versions/3.11/lib/python3.11
  /opt/homebrew/Cellar/python@3.11/3.11.10/Frameworks/Python.framework/Versions/3.11/lib/python3.11/lib-dynload
  /Users/lisandrodossantossilvafernando/Library/Python/3.11/lib/python/site-packages
  /opt/homebrew/lib/python3.11/site-packages</msg>
</errors>
</robot>
